<?xml version="1.0" encoding="UTF-8"?>
<!-- Generated by org.testng.reporters.JUnitReportReporter -->
<testsuite skipped="0" hostname="DESKTOP-13RKBDN" name="com.leafBot.testcases.TC001_CreateLead" tests="2" failures="0" timestamp="07 Dec 2019 10:24:00 GMT" time="26.601" errors="0">
  <testcase name="runTC001" time="18.384" classname="com.leafBot.testcases.TC001_CreateLead"/>
  <testcase name="runTC001" time="8.217" classname="com.leafBot.testcases.TC001_CreateLead"/>
</testsuite> <!-- com.leafBot.testcases.TC001_CreateLead -->
